<?xml version="1.0" encoding="UTF-8"?>
<settings>
    <xyz>
        <xq>10</xq>
        <abc>
            <a>something else</a>
            <tu>27</tu>
            <re>10</re>
            <grp1>
                <i1>22</i1>
                <we>10</we>
            </grp1>
        </abc>
    </xyz>
    
    <d>abc</d>
    <d>def</d>
    <d>ghij</d>
    <d>klm</d>
</settings>